#
# There is insufficient memory for the Java Runtime Environment to continue.
# Native memory allocation (malloc) failed to allocate 1048576 bytes. Error detail: AllocateHeap
# Possible reasons:
#   The system is out of physical RAM or swap space
#   This process is running with CompressedOops enabled, and the Java Heap may be blocking the growth of the native heap
# Possible solutions:
#   Reduce memory load on the system
#   Increase physical memory or swap space
#   Check if swap backing store is full
#   Decrease Java heap size (-Xmx/-Xms)
#   Decrease number of Java threads
#   Decrease Java thread stack sizes (-Xss)
#   Set larger code cache with -XX:ReservedCodeCacheSize=
#   JVM is running with Unscaled Compressed Oops mode in which the Java heap is
#     placed in the first 4GB address space. The Java Heap base address is the
#     maximum limit for the native heap growth. Please use -XX:HeapBaseMinAddress
#     to set the Java Heap base and to place the Java Heap above 4GB virtual address.
# This output file may be truncated or incomplete.
#
#  Out of Memory Error (allocation.cpp:44), pid=5472, tid=22848
#
# JRE version: OpenJDK Runtime Environment Temurin-21.0.10+7 (21.0.10+7) (build 21.0.10+7-LTS)
# Java VM: OpenJDK 64-Bit Server VM Temurin-21.0.10+7 (21.0.10+7-LTS, mixed mode, sharing, tiered, compressed oops, compressed class ptrs, parallel gc, windows-amd64)
# No core dump will be written. Minidumps are not enabled by default on client versions of Windows
#

---------------  S U M M A R Y ------------

Command Line: --add-modules=ALL-SYSTEM --add-opens=java.base/java.util=ALL-UNNAMED --add-opens=java.base/java.lang=ALL-UNNAMED --add-opens=java.base/sun.nio.fs=ALL-UNNAMED -Declipse.application=org.eclipse.jdt.ls.core.id1 -Dosgi.bundles.defaultStartLevel=4 -Declipse.product=org.eclipse.jdt.ls.core.product -Djava.import.generatesMetadataFilesAtProjectRoot=false -DDetectVMInstallationsJob.disabled=true -Dfile.encoding=utf8 -XX:+UseParallelGC -XX:GCTimeRatio=4 -XX:AdaptiveSizePolicyWeight=90 -Dsun.zip.disableMemoryMapping=true -Xmx2G -Xms100m -Xlog:disable -javaagent:c:\Users\Fathy_Mostafa\.vscode\extensions\redhat.java-1.54.0-win32-x64\lombok\lombok-1.18.39-4050.jar -XX:+HeapDumpOnOutOfMemoryError -XX:HeapDumpPath=c:\Users\Fathy_Mostafa\AppData\Roaming\Code\User\workspaceStorage\a9a5a4bedeff3800db7a20d1ccab050b\redhat.java -Daether.dependencyCollector.impl=bf c:\Users\Fathy_Mostafa\.vscode\extensions\redhat.java-1.54.0-win32-x64\server\plugins\org.eclipse.equinox.launcher_1.7.100.v20251111-0406.jar -configuration c:\Users\Fathy_Mostafa\AppData\Roaming\Code\User\globalStorage\redhat.java\1.54.0\config_win -data c:\Users\Fathy_Mostafa\AppData\Roaming\Code\User\workspaceStorage\a9a5a4bedeff3800db7a20d1ccab050b\redhat.java\jdt_ws --pipe=\\.\pipe\lsp-aaded065d0a84966962597f90fd34612-sock

Host: Intel(R) Core(TM) i7-9750H CPU @ 2.60GHz, 12 cores, 15G,  Windows 11 , 64 bit Build 26100 (10.0.26100.8328)
Time: Thu May 14 01:14:32 2026 Egypt Daylight Time elapsed time: 4452.775591 seconds (0d 1h 14m 12s)

---------------  T H R E A D  ---------------

Current thread (0x0000016c7fa05c70):  JavaThread "Attach Listener" daemon [_thread_in_vm, id=22848, stack(0x00000016fad00000,0x00000016fae00000) (1024K)]

Stack: [0x00000016fad00000,0x00000016fae00000]
Native frames: (J=compiled Java code, j=interpreted, Vv=VM code, C=native code)
V  [jvm.dll+0x6d7a39]
V  [jvm.dll+0x8b4b26]
V  [jvm.dll+0x8b70de]
V  [jvm.dll+0x8b77c3]
V  [jvm.dll+0x284346]
V  [jvm.dll+0xc1277]
V  [jvm.dll+0x6d82e9]
V  [jvm.dll+0x1334a6]
V  [jvm.dll+0x3f857e]
V  [jvm.dll+0x85f59d]
V  [jvm.dll+0x6d626d]
C  [ucrtbase.dll+0x37b0]
C  [KERNEL32.DLL+0x2e957]
C  [ntdll.dll+0x427c]


---------------  P R O C E S S  ---------------

Threads class SMR info:
_java_thread_list=0x0000016c61ed1fd0, length=42, elements={
0x0000016c7f962d30, 0x0000016c7fa02180, 0x0000016c7fa05210, 0x0000016c7fa09200,
0x0000016c7fa05c70, 0x0000016c7fa066d0, 0x0000016c7fa07130, 0x0000016c7fa09f90,
0x0000016c7fa19d90, 0x0000016c5a637e60, 0x0000016c5a791a60, 0x0000016c5bbcb510,
0x0000016c5bb0e210, 0x0000016c6007b430, 0x0000016c5bb19dd0, 0x0000016c604c4da0,
0x0000016c609a41c0, 0x0000016c604eb360, 0x0000016c5a74b5a0, 0x0000016c5a74c2c0,
0x0000016c5a74a1f0, 0x0000016c5a74a880, 0x0000016c5a74af10, 0x0000016c626692f0,
0x0000016c62667f40, 0x0000016c62668c60, 0x0000016c62669980, 0x0000016c626685d0,
0x0000016c6266a010, 0x0000016c6266a6a0, 0x0000016c6266ad30, 0x0000016c626678b0,
0x0000016c6266e840, 0x0000016c6266e1b0, 0x0000016c6266c0e0, 0x0000016c6266ba50,
0x0000016c6e7ecbe0, 0x0000016c6e7edf90, 0x0000016c6e7ee620, 0x0000016c6e7ed900,
0x0000016c62d2fa60, 0x0000016c62d2cc70
}

Java Threads: ( => current thread )
  0x0000016c7f962d30 JavaThread "main"                              [_thread_blocked, id=19860, stack(0x00000016fa600000,0x00000016fa700000) (1024K)]
  0x0000016c7fa02180 JavaThread "Reference Handler"          daemon [_thread_blocked, id=25024, stack(0x00000016faa00000,0x00000016fab00000) (1024K)]
  0x0000016c7fa05210 JavaThread "Finalizer"                  daemon [_thread_blocked, id=17264, stack(0x00000016fab00000,0x00000016fac00000) (1024K)]
  0x0000016c7fa09200 JavaThread "Signal Dispatcher"          daemon [_thread_blocked, id=8800, stack(0x00000016fac00000,0x00000016fad00000) (1024K)]
=>0x0000016c7fa05c70 JavaThread "Attach Listener"            daemon [_thread_in_vm, id=22848, stack(0x00000016fad00000,0x00000016fae00000) (1024K)]
  0x0000016c7fa066d0 JavaThread "Service Thread"             daemon [_thread_blocked, id=12956, stack(0x00000016fae00000,0x00000016faf00000) (1024K)]
  0x0000016c7fa07130 JavaThread "Monitor Deflation Thread"   daemon [_thread_blocked, id=3944, stack(0x00000016faf00000,0x00000016fb000000) (1024K)]
  0x0000016c7fa09f90 JavaThread "C2 CompilerThread0"         daemon [_thread_blocked, id=2444, stack(0x00000016fb000000,0x00000016fb100000) (1024K)]
  0x0000016c7fa19d90 JavaThread "C1 CompilerThread0"         daemon [_thread_blocked, id=12876, stack(0x00000016fb100000,0x00000016fb200000) (1024K)]
  0x0000016c5a637e60 JavaThread "Common-Cleaner"             daemon [_thread_blocked, id=16828, stack(0x00000016fb200000,0x00000016fb300000) (1024K)]
  0x0000016c5a791a60 JavaThread "Notification Thread"        daemon [_thread_blocked, id=10916, stack(0x00000016fb300000,0x00000016fb400000) (1024K)]
  0x0000016c5bbcb510 JavaThread "Active Thread: Equinox Container: b8a1b010-f68b-458a-a332-abc8a31565bf"        [_thread_blocked, id=24136, stack(0x00000016fbc00000,0x00000016fbd00000) (1024K)]
  0x0000016c5bb0e210 JavaThread "Refresh Thread: Equinox Container: b8a1b010-f68b-458a-a332-abc8a31565bf" daemon [_thread_blocked, id=24836, stack(0x00000016fbe00000,0x00000016fbf00000) (1024K)]
  0x0000016c6007b430 JavaThread "Framework Event Dispatcher: Equinox Container: b8a1b010-f68b-458a-a332-abc8a31565bf" daemon [_thread_blocked, id=25576, stack(0x00000016fbf00000,0x00000016fc000000) (1024K)]
  0x0000016c5bb19dd0 JavaThread "Start Level: Equinox Container: b8a1b010-f68b-458a-a332-abc8a31565bf" daemon [_thread_blocked, id=23036, stack(0x00000016fc000000,0x00000016fc100000) (1024K)]
  0x0000016c604c4da0 JavaThread "Bundle File Closer"         daemon [_thread_blocked, id=23316, stack(0x00000016fc300000,0x00000016fc400000) (1024K)]
  0x0000016c609a41c0 JavaThread "SCR Component Actor"        daemon [_thread_blocked, id=4940, stack(0x00000016fb400000,0x00000016fb500000) (1024K)]
  0x0000016c604eb360 JavaThread "Worker-JM"                         [_thread_blocked, id=5248, stack(0x00000016fc500000,0x00000016fc600000) (1024K)]
  0x0000016c5a74b5a0 JavaThread "JNA Cleaner"                daemon [_thread_blocked, id=26432, stack(0x00000016fc600000,0x00000016fc700000) (1024K)]
  0x0000016c5a74c2c0 JavaThread "Java indexing"              daemon [_thread_blocked, id=24036, stack(0x00000016fc400000,0x00000016fc500000) (1024K)]
  0x0000016c5a74a1f0 JavaThread "Thread-1"                   daemon [_thread_in_native, id=25932, stack(0x00000016fcf00000,0x00000016fd000000) (1024K)]
  0x0000016c5a74a880 JavaThread "Thread-2"                   daemon [_thread_in_native, id=26088, stack(0x00000016fd000000,0x00000016fd100000) (1024K)]
  0x0000016c5a74af10 JavaThread "Thread-3"                   daemon [_thread_in_native, id=19176, stack(0x00000016fd100000,0x00000016fd200000) (1024K)]
  0x0000016c626692f0 JavaThread "Thread-4"                   daemon [_thread_in_native, id=26356, stack(0x00000016fd200000,0x00000016fd300000) (1024K)]
  0x0000016c62667f40 JavaThread "Thread-5"                   daemon [_thread_in_native, id=19772, stack(0x00000016fd300000,0x00000016fd400000) (1024K)]
  0x0000016c62668c60 JavaThread "Thread-6"                   daemon [_thread_in_native, id=20484, stack(0x00000016fd400000,0x00000016fd500000) (1024K)]
  0x0000016c62669980 JavaThread "Thread-7"                   daemon [_thread_in_native, id=2540, stack(0x00000016fd500000,0x00000016fd600000) (1024K)]
  0x0000016c626685d0 JavaThread "Thread-8"                   daemon [_thread_in_native, id=11820, stack(0x00000016fd600000,0x00000016fd700000) (1024K)]
  0x0000016c6266a010 JavaThread "Thread-9"                   daemon [_thread_in_native, id=23740, stack(0x00000016fd700000,0x00000016fd800000) (1024K)]
  0x0000016c6266a6a0 JavaThread "Thread-10"                  daemon [_thread_in_native, id=25032, stack(0x00000016fd800000,0x00000016fd900000) (1024K)]
  0x0000016c6266ad30 JavaThread "Thread-11"                  daemon [_thread_in_native, id=22396, stack(0x00000016fd900000,0x00000016fda00000) (1024K)]
  0x0000016c626678b0 JavaThread "Thread-12"                  daemon [_thread_in_native, id=21068, stack(0x00000016fda00000,0x00000016fdb00000) (1024K)]
  0x0000016c6266e840 JavaThread "Thread-13"                  daemon [_thread_in_native, id=19888, stack(0x00000016fdb00000,0x00000016fdc00000) (1024K)]
  0x0000016c6266e1b0 JavaThread "pool-2-thread-1"                   [_thread_blocked, id=24788, stack(0x00000016fdc00000,0x00000016fdd00000) (1024K)]
  0x0000016c6266c0e0 JavaThread "WorkspaceEventsHandler"            [_thread_blocked, id=3424, stack(0x00000016fdd00000,0x00000016fde00000) (1024K)]
  0x0000016c6266ba50 JavaThread "pool-1-thread-1"                   [_thread_blocked, id=23776, stack(0x00000016fde00000,0x00000016fdf00000) (1024K)]
  0x0000016c6e7ecbe0 JavaThread "Cleaner-0"                  daemon [_thread_blocked, id=26272, stack(0x0000001680200000,0x0000001680300000) (1024K)]
  0x0000016c6e7edf90 JavaThread "Java Debug Server"          daemon [_thread_in_native, id=23536, stack(0x0000001680500000,0x0000001680600000) (1024K)]
  0x0000016c6e7ee620 JavaThread "RxSchedulerPurge-1"         daemon [_thread_blocked, id=17304, stack(0x0000001680700000,0x0000001680800000) (1024K)]
  0x0000016c6e7ed900 JavaThread "RxCachedWorkerPoolEvictor-1" daemon [_thread_blocked, id=26336, stack(0x0000001680800000,0x0000001680900000) (1024K)]
  0x0000016c62d2fa60 JavaThread "Worker-16"                         [_thread_blocked, id=20592, stack(0x0000001680300000,0x0000001680400000) (1024K)]
  0x0000016c62d2cc70 JavaThread "Worker-18"                         [_thread_blocked, id=3604, stack(0x0000001680400000,0x0000001680500000) (1024K)]
Total: 42

Other Threads:
  0x0000016c7fa017d0 VMThread "VM Thread"                           [id=17772, stack(0x00000016fa900000,0x00000016faa00000) (1024K)]
  0x0000016c17e3ba00 WatcherThread "VM Periodic Task Thread"        [id=4456, stack(0x00000016fa800000,0x00000016fa900000) (1024K)]
  0x0000016c7f980170 WorkerThread "GC Thread#0"                     [id=24416, stack(0x00000016fa700000,0x00000016fa800000) (1024K)]
  0x0000016c5b8593b0 WorkerThread "GC Thread#1"                     [id=24364, stack(0x00000016fb600000,0x00000016fb700000) (1024K)]
  0x0000016c60122910 WorkerThread "GC Thread#2"                     [id=19936, stack(0x00000016fb700000,0x00000016fb800000) (1024K)]
  0x0000016c5b777b40 WorkerThread "GC Thread#3"                     [id=21072, stack(0x00000016fb800000,0x00000016fb900000) (1024K)]
  0x0000016c5ba8e0e0 WorkerThread "GC Thread#4"                     [id=25868, stack(0x00000016fb900000,0x00000016fba00000) (1024K)]
  0x0000016c5ba8e490 WorkerThread "GC Thread#5"                     [id=25636, stack(0x00000016fba00000,0x00000016fbb00000) (1024K)]
  0x0000016c5ba8e840 WorkerThread "GC Thread#6"                     [id=25944, stack(0x00000016fbb00000,0x00000016fbc00000) (1024K)]
  0x0000016c5bb0ad70 WorkerThread "GC Thread#7"                     [id=26464, stack(0x00000016fbd00000,0x00000016fbe00000) (1024K)]
  0x0000016c6022cc10 WorkerThread "GC Thread#8"                     [id=14548, stack(0x00000016fc100000,0x00000016fc200000) (1024K)]
  0x0000016c604c3640 WorkerThread "GC Thread#9"                     [id=25652, stack(0x00000016fc200000,0x00000016fc300000) (1024K)]
Total: 12

Threads with active compile tasks:
Total: 0

VM state: not at safepoint (normal execution)

VM Mutex/Monitor currently owned by a thread: None

Heap address: 0x0000000080000000, size: 2048 MB, Compressed Oops mode: 32-bit

CDS archive(s) mapped at: [0x0000016c18000000-0x0000016c18ba0000-0x0000016c18ba0000), size 12189696, SharedBaseAddress: 0x0000016c18000000, ArchiveRelocationMode: 1.
Compressed class space mapped at: 0x0000016c19000000-0x0000016c59000000, reserved size: 1073741824
Narrow klass base: 0x0000016c18000000, Narrow klass shift: 0, Narrow klass range: 0x100000000

GC Precious Log:
 CardTable entry size: 512
 CPUs: 12 total, 12 available
 Memory: 16135M
 Large Page Support: Disabled
 NUMA Support: Disabled
 Compressed Oops: Enabled (32-bit)
 Alignments: Space 512K, Generation 512K, Heap 2M
 Heap Min Capacity: 100M
 Heap Initial Capacity: 100M
 Heap Max Capacity: 2G
 Pre-touch: Disabled
 Parallel Workers: 10

Heap:
 PSYoungGen      total 9216K, used 7737K [0x00000000d5580000, 0x00000000d6000000, 0x0000000100000000)
  eden space 8704K, 84% used [0x00000000d5580000,0x00000000d5cb1a50,0x00000000d5e00000)
  from space 512K, 72% used [0x00000000d5f80000,0x00000000d5fdcbd8,0x00000000d6000000)
  to   space 512K, 0% used [0x00000000d5e80000,0x00000000d5e80000,0x00000000d5f00000)
 ParOldGen       total 631808K, used 73267K [0x0000000080000000, 0x00000000a6900000, 0x00000000d5580000)
  object space 631808K, 11% used [0x0000000080000000,0x000000008478cc48,0x00000000a6900000)
 Metaspace       used 86881K, committed 88832K, reserved 1179648K
  class space    used 8794K, committed 9600K, reserved 1048576K

Card table byte_map: [0x0000016c13550000,0x0000016c13960000] _byte_map_base: 0x0000016c13150000

Marking Bits: (ParMarkBitMap*) 0x00007ffdd0873450
 Begin Bits: [0x0000016c13960000, 0x0000016c15960000)
 End Bits:   [0x0000016c15960000, 0x0000016c17960000)

Polling page: 0x0000016c7f420000

Metaspace:

Usage:
  Non-class:     76.26 MB used.
      Class:      8.59 MB used.
       Both:     84.85 MB used.

Virtual space:
  Non-class space:      128.00 MB reserved,      77.38 MB ( 60%) committed,  2 nodes.
      Class space:        1.00 GB reserved,       9.38 MB ( <1%) committed,  1 nodes.
             Both:        1.12 GB reserved,      86.75 MB (  8%) committed. 

Chunk freelists:
   Non-Class:  2.89 MB
       Class:  6.76 MB
        Both:  9.66 MB

MaxMetaspaceSize: unlimited
CompressedClassSpaceSize: 1.00 GB
Initial GC threshold: 21.00 MB
Current GC threshold: 144.62 MB
CDS: on
 - commit_granule_bytes: 65536.
 - commit_granule_words: 8192.
 - virtual_space_node_default_size: 8388608.
 - enlarge_chunks_in_place: 1.
 - use_allocation_guard: 0.


Internal statistics:

num_allocs_failed_limit: 9.
num_arena_births: 1574.
num_arena_deaths: 378.
num_vsnodes_births: 3.
num_vsnodes_deaths: 0.
num_space_committed: 1388.
num_space_uncommitted: 0.
num_chunks_returned_to_freelist: 431.
num_chunks_taken_from_freelist: 5925.
num_chunk_merges: 112.
num_chunk_splits: 3558.
num_chunks_enlarged: 2042.
num_inconsistent_stats: 0.

CodeHeap 'non-profiled nmethods': size=120000Kb used=17718Kb max_used=20053Kb free=102281Kb
 bounds [0x0000016c0c020000, 0x0000016c0d3c0000, 0x0000016c13550000]
CodeHeap 'profiled nmethods': size=120000Kb used=41638Kb max_used=50708Kb free=78361Kb
 bounds [0x0000016c04550000, 0x0000016c076e0000, 0x0000016c0ba80000]
CodeHeap 'non-nmethods': size=5760Kb used=1511Kb max_used=1608Kb free=4248Kb
 bounds [0x0000016c0ba80000, 0x0000016c0bcf0000, 0x0000016c0c020000]
CodeCache: size=245760Kb, used=60867Kb, max_used=72369Kb, free=184890Kb
 total_blobs=17789, nmethods=16953, adapters=734, full_count=0
Compilation: enabled, stopped_count=0, restarted_count=0

Compilation events (20 events):
Event: 3807.286 Thread 0x0000016c7fa09f90 21509       4       java.util.concurrent.locks.AbstractQueuedSynchronizer::acquire (20 bytes)
Event: 3807.287 Thread 0x0000016c7fa09f90 nmethod 21509 0x0000016c0c5fdd10 code [0x0000016c0c5fdea0, 0x0000016c0c5fe008]
Event: 3847.373 Thread 0x0000016c7fa19d90 21510       1       com.sun.jna.internal.Cleaner::access$200 (5 bytes)
Event: 3847.374 Thread 0x0000016c7fa19d90 nmethod 21510 0x0000016c0c184110 code [0x0000016c0c1842a0, 0x0000016c0c184350]
Event: 3998.900 Thread 0x0000016c7fa09f90 21511   !   4       java.util.concurrent.locks.AbstractQueuedSynchronizer$ConditionObject::newConditionNode (78 bytes)
Event: 3998.904 Thread 0x0000016c7fa09f90 nmethod 21511 0x0000016c0c0eca10 code [0x0000016c0c0ecc00, 0x0000016c0c0ecfe0]
Event: 4019.286 Thread 0x0000016c7fa09f90 21512   !   4       java.util.concurrent.locks.AbstractQueuedSynchronizer::reacquire (64 bytes)
Event: 4019.289 Thread 0x0000016c7fa09f90 nmethod 21512 0x0000016c0c053610 code [0x0000016c0c0537c0, 0x0000016c0c0539b0]
Event: 4105.285 Thread 0x0000016c7fa09f90 21513       4       java.util.concurrent.locks.AbstractQueuedSynchronizer$ConditionObject::enableWait (84 bytes)
Event: 4105.287 Thread 0x0000016c7fa09f90 nmethod 21513 0x0000016c0c0e0610 code [0x0000016c0c0e07e0, 0x0000016c0c0e0af0]
Event: 4186.285 Thread 0x0000016c7fa09f90 21514       4       java.util.concurrent.ThreadPoolExecutor$Worker::unlock (7 bytes)
Event: 4186.286 Thread 0x0000016c7fa09f90 nmethod 21514 0x0000016c0c05ac10 code [0x0000016c0c05ada0, 0x0000016c0c05aeb8]
Event: 4283.285 Thread 0x0000016c7fa09f90 21515   !   4       java.util.concurrent.ThreadPoolExecutor::getTask (177 bytes)
Event: 4283.314 Thread 0x0000016c7fa09f90 nmethod 21515 0x0000016c0c3f6e10 code [0x0000016c0c3f7260, 0x0000016c0c3f8f20]
Event: 4297.285 Thread 0x0000016c7fa09f90 21516       4       java.util.concurrent.ThreadPoolExecutor$Worker::lock (6 bytes)
Event: 4297.286 Thread 0x0000016c7fa09f90 nmethod 21516 0x0000016c0c091710 code [0x0000016c0c0918a0, 0x0000016c0c091988]
Event: 4347.704 Thread 0x0000016c7fa19d90 21517       3       java.lang.ProcessHandleImpl::get (51 bytes)
Event: 4347.705 Thread 0x0000016c7fa19d90 nmethod 21517 0x0000016c0472f290 code [0x0000016c0472f4a0, 0x0000016c0472faa8]
Event: 4347.705 Thread 0x0000016c7fa19d90 21518       3       java.lang.ProcessHandleImpl::isAlive (44 bytes)
Event: 4347.705 Thread 0x0000016c7fa19d90 nmethod 21518 0x0000016c04711f10 code [0x0000016c047120c0, 0x0000016c04712320]

GC Heap History (20 events):
Event: 3361.920 GC heap before
{Heap before GC invocations=1106 (full 5):
 PSYoungGen      total 9216K, used 9022K [0x00000000d5580000, 0x00000000d6080000, 0x0000000100000000)
  eden space 8704K, 99% used [0x00000000d5580000,0x00000000d5dfade8,0x00000000d5e00000)
  from space 512K, 66% used [0x00000000d6000000,0x00000000d6054bd8,0x00000000d6080000)
  to   space 512K, 0% used [0x00000000d5f80000,0x00000000d5f80000,0x00000000d6000000)
 ParOldGen       total 631808K, used 70996K [0x0000000080000000, 0x00000000a6900000, 0x00000000d5580000)
  object space 631808K, 11% used [0x0000000080000000,0x0000000084555170,0x00000000a6900000)
 Metaspace       used 86845K, committed 88832K, reserved 1179648K
  class space    used 8794K, committed 9600K, reserved 1048576K
}
Event: 3361.923 GC heap after
{Heap after GC invocations=1106 (full 5):
 PSYoungGen      total 9216K, used 501K [0x00000000d5580000, 0x00000000d6200000, 0x0000000100000000)
  eden space 8704K, 0% used [0x00000000d5580000,0x00000000d5580000,0x00000000d5e00000)
  from space 512K, 98% used [0x00000000d5f80000,0x00000000d5ffd7f8,0x00000000d6000000)
  to   space 2048K, 0% used [0x00000000d6000000,0x00000000d6000000,0x00000000d6200000)
 ParOldGen       total 631808K, used 72041K [0x0000000080000000, 0x00000000a6900000, 0x00000000d5580000)
  object space 631808K, 11% used [0x0000000080000000,0x000000008465a7e0,0x00000000a6900000)
 Metaspace       used 86845K, committed 88832K, reserved 1179648K
  class space    used 8794K, committed 9600K, reserved 1048576K
}
Event: 3361.974 GC heap before
{Heap before GC invocations=1107 (full 5):
 PSYoungGen      total 9216K, used 9205K [0x00000000d5580000, 0x00000000d6200000, 0x0000000100000000)
  eden space 8704K, 100% used [0x00000000d5580000,0x00000000d5e00000,0x00000000d5e00000)
  from space 512K, 98% used [0x00000000d5f80000,0x00000000d5ffd7f8,0x00000000d6000000)
  to   space 2048K, 0% used [0x00000000d6000000,0x00000000d6000000,0x00000000d6200000)
 ParOldGen       total 631808K, used 72041K [0x0000000080000000, 0x00000000a6900000, 0x00000000d5580000)
  object space 631808K, 11% used [0x0000000080000000,0x000000008465a7e0,0x00000000a6900000)
 Metaspace       used 86848K, committed 88832K, reserved 1179648K
  class space    used 8794K, committed 9600K, reserved 1048576K
}
Event: 3361.976 GC heap after
{Heap after GC invocations=1107 (full 5):
 PSYoungGen      total 10240K, used 1472K [0x00000000d5580000, 0x00000000d6180000, 0x0000000100000000)
  eden space 8704K, 0% used [0x00000000d5580000,0x00000000d5580000,0x00000000d5e00000)
  from space 1536K, 95% used [0x00000000d6000000,0x00000000d6170020,0x00000000d6180000)
  to   space 1536K, 0% used [0x00000000d5e80000,0x00000000d5e80000,0x00000000d6000000)
 ParOldGen       total 631808K, used 72252K [0x0000000080000000, 0x00000000a6900000, 0x00000000d5580000)
  object space 631808K, 11% used [0x0000000080000000,0x000000008468f0e0,0x00000000a6900000)
 Metaspace       used 86848K, committed 88832K, reserved 1179648K
  class space    used 8794K, committed 9600K, reserved 1048576K
}
Event: 3362.279 GC heap before
{Heap before GC invocations=1108 (full 5):
 PSYoungGen      total 10240K, used 10176K [0x00000000d5580000, 0x00000000d6180000, 0x0000000100000000)
  eden space 8704K, 100% used [0x00000000d5580000,0x00000000d5e00000,0x00000000d5e00000)
  from space 1536K, 95% used [0x00000000d6000000,0x00000000d6170020,0x00000000d6180000)
  to   space 1536K, 0% used [0x00000000d5e80000,0x00000000d5e80000,0x00000000d6000000)
 ParOldGen       total 631808K, used 72252K [0x0000000080000000, 0x00000000a6900000, 0x00000000d5580000)
  object space 631808K, 11% used [0x0000000080000000,0x000000008468f0e0,0x00000000a6900000)
 Metaspace       used 86855K, committed 88832K, reserved 1179648K
  class space    used 8794K, committed 9600K, reserved 1048576K
}
Event: 3362.280 GC heap after
{Heap after GC invocations=1108 (full 5):
 PSYoungGen      total 9216K, used 352K [0x00000000d5580000, 0x00000000d6080000, 0x0000000100000000)
  eden space 8704K, 0% used [0x00000000d5580000,0x00000000d5580000,0x00000000d5e00000)
  from space 512K, 68% used [0x00000000d5e80000,0x00000000d5ed8000,0x00000000d5f00000)
  to   space 1024K, 0% used [0x00000000d5f80000,0x00000000d5f80000,0x00000000d6080000)
 ParOldGen       total 631808K, used 72484K [0x0000000080000000, 0x00000000a6900000, 0x00000000d5580000)
  object space 631808K, 11% used [0x0000000080000000,0x00000000846c90e0,0x00000000a6900000)
 Metaspace       used 86855K, committed 88832K, reserved 1179648K
  class space    used 8794K, committed 9600K, reserved 1048576K
}
Event: 3362.313 GC heap before
{Heap before GC invocations=1109 (full 5):
 PSYoungGen      total 9216K, used 9056K [0x00000000d5580000, 0x00000000d6080000, 0x0000000100000000)
  eden space 8704K, 100% used [0x00000000d5580000,0x00000000d5e00000,0x00000000d5e00000)
  from space 512K, 68% used [0x00000000d5e80000,0x00000000d5ed8000,0x00000000d5f00000)
  to   space 1024K, 0% used [0x00000000d5f80000,0x00000000d5f80000,0x00000000d6080000)
 ParOldGen       total 631808K, used 72484K [0x0000000080000000, 0x00000000a6900000, 0x00000000d5580000)
  object space 631808K, 11% used [0x0000000080000000,0x00000000846c90e0,0x00000000a6900000)
 Metaspace       used 86855K, committed 88832K, reserved 1179648K
  class space    used 8794K, committed 9600K, reserved 1048576K
}
Event: 3362.314 GC heap after
{Heap after GC invocations=1109 (full 5):
 PSYoungGen      total 9216K, used 288K [0x00000000d5580000, 0x00000000d6000000, 0x0000000100000000)
  eden space 8704K, 0% used [0x00000000d5580000,0x00000000d5580000,0x00000000d5e00000)
  from space 512K, 56% used [0x00000000d5f80000,0x00000000d5fc8000,0x00000000d6000000)
  to   space 512K, 0% used [0x00000000d5e80000,0x00000000d5e80000,0x00000000d5f00000)
 ParOldGen       total 631808K, used 72693K [0x0000000080000000, 0x00000000a6900000, 0x00000000d5580000)
  object space 631808K, 11% used [0x0000000080000000,0x00000000846fd468,0x00000000a6900000)
 Metaspace       used 86855K, committed 88832K, reserved 1179648K
  class space    used 8794K, committed 9600K, reserved 1048576K
}
Event: 3362.342 GC heap before
{Heap before GC invocations=1110 (full 5):
 PSYoungGen      total 9216K, used 8992K [0x00000000d5580000, 0x00000000d6000000, 0x0000000100000000)
  eden space 8704K, 100% used [0x00000000d5580000,0x00000000d5e00000,0x00000000d5e00000)
  from space 512K, 56% used [0x00000000d5f80000,0x00000000d5fc8000,0x00000000d6000000)
  to   space 512K, 0% used [0x00000000d5e80000,0x00000000d5e80000,0x00000000d5f00000)
 ParOldGen       total 631808K, used 72693K [0x0000000080000000, 0x00000000a6900000, 0x00000000d5580000)
  object space 631808K, 11% used [0x0000000080000000,0x00000000846fd468,0x00000000a6900000)
 Metaspace       used 86855K, committed 88832K, reserved 1179648K
  class space    used 8794K, committed 9600K, reserved 1048576K
}
Event: 3362.342 GC heap after
{Heap after GC invocations=1110 (full 5):
 PSYoungGen      total 9216K, used 352K [0x00000000d5580000, 0x00000000d6000000, 0x0000000100000000)
  eden space 8704K, 0% used [0x00000000d5580000,0x00000000d5580000,0x00000000d5e00000)
  from space 512K, 68% used [0x00000000d5e80000,0x00000000d5ed8000,0x00000000d5f00000)
  to   space 512K, 0% used [0x00000000d5f80000,0x00000000d5f80000,0x00000000d6000000)
 ParOldGen       total 631808K, used 72733K [0x0000000080000000, 0x00000000a6900000, 0x00000000d5580000)
  object space 631808K, 11% used [0x0000000080000000,0x0000000084707468,0x00000000a6900000)
 Metaspace       used 86855K, committed 88832K, reserved 1179648K
  class space    used 8794K, committed 9600K, reserved 1048576K
}
Event: 3577.580 GC heap before
{Heap before GC invocations=1111 (full 5):
 PSYoungGen      total 9216K, used 9056K [0x00000000d5580000, 0x00000000d6000000, 0x0000000100000000)
  eden space 8704K, 100% used [0x00000000d5580000,0x00000000d5e00000,0x00000000d5e00000)
  from space 512K, 68% used [0x00000000d5e80000,0x00000000d5ed8000,0x00000000d5f00000)
  to   space 512K, 0% used [0x00000000d5f80000,0x00000000d5f80000,0x00000000d6000000)
 ParOldGen       total 631808K, used 72733K [0x0000000080000000, 0x00000000a6900000, 0x00000000d5580000)
  object space 631808K, 11% used [0x0000000080000000,0x0000000084707468,0x00000000a6900000)
 Metaspace       used 86875K, committed 88832K, reserved 1179648K
  class space    used 8794K, committed 9600K, reserved 1048576K
}
Event: 3577.581 GC heap after
{Heap after GC invocations=1111 (full 5):
 PSYoungGen      total 9216K, used 384K [0x00000000d5580000, 0x00000000d6000000, 0x0000000100000000)
  eden space 8704K, 0% used [0x00000000d5580000,0x00000000d5580000,0x00000000d5e00000)
  from space 512K, 75% used [0x00000000d5f80000,0x00000000d5fe0020,0x00000000d6000000)
  to   space 512K, 0% used [0x00000000d5e80000,0x00000000d5e80000,0x00000000d5f00000)
 ParOldGen       total 631808K, used 72765K [0x0000000080000000, 0x00000000a6900000, 0x00000000d5580000)
  object space 631808K, 11% used [0x0000000080000000,0x000000008470f468,0x00000000a6900000)
 Metaspace       used 86875K, committed 88832K, reserved 1179648K
  class space    used 8794K, committed 9600K, reserved 1048576K
}
Event: 3577.624 GC heap before
{Heap before GC invocations=1112 (full 5):
 PSYoungGen      total 9216K, used 9088K [0x00000000d5580000, 0x00000000d6000000, 0x0000000100000000)
  eden space 8704K, 100% used [0x00000000d5580000,0x00000000d5e00000,0x00000000d5e00000)
  from space 512K, 75% used [0x00000000d5f80000,0x00000000d5fe0020,0x00000000d6000000)
  to   space 512K, 0% used [0x00000000d5e80000,0x00000000d5e80000,0x00000000d5f00000)
 ParOldGen       total 631808K, used 72765K [0x0000000080000000, 0x00000000a6900000, 0x00000000d5580000)
  object space 631808K, 11% used [0x0000000080000000,0x000000008470f468,0x00000000a6900000)
 Metaspace       used 86875K, committed 88832K, reserved 1179648K
  class space    used 8794K, committed 9600K, reserved 1048576K
}
Event: 3577.626 GC heap after
{Heap after GC invocations=1112 (full 5):
 PSYoungGen      total 9216K, used 224K [0x00000000d5580000, 0x00000000d6000000, 0x0000000100000000)
  eden space 8704K, 0% used [0x00000000d5580000,0x00000000d5580000,0x00000000d5e00000)
  from space 512K, 43% used [0x00000000d5e80000,0x00000000d5eb8000,0x00000000d5f00000)
  to   space 512K, 0% used [0x00000000d5f80000,0x00000000d5f80000,0x00000000d6000000)
 ParOldGen       total 631808K, used 73043K [0x0000000080000000, 0x00000000a6900000, 0x00000000d5580000)
  object space 631808K, 11% used [0x0000000080000000,0x0000000084754c48,0x00000000a6900000)
 Metaspace       used 86875K, committed 88832K, reserved 1179648K
  class space    used 8794K, committed 9600K, reserved 1048576K
}
Event: 3577.654 GC heap before
{Heap before GC invocations=1113 (full 5):
 PSYoungGen      total 9216K, used 8927K [0x00000000d5580000, 0x00000000d6000000, 0x0000000100000000)
  eden space 8704K, 99% used [0x00000000d5580000,0x00000000d5dffff8,0x00000000d5e00000)
  from space 512K, 43% used [0x00000000d5e80000,0x00000000d5eb8000,0x00000000d5f00000)
  to   space 512K, 0% used [0x00000000d5f80000,0x00000000d5f80000,0x00000000d6000000)
 ParOldGen       total 631808K, used 73043K [0x0000000080000000, 0x00000000a6900000, 0x00000000d5580000)
  object space 631808K, 11% used [0x0000000080000000,0x0000000084754c48,0x00000000a6900000)
 Metaspace       used 86878K, committed 88832K, reserved 1179648K
  class space    used 8794K, committed 9600K, reserved 1048576K
}
Event: 3577.655 GC heap after
{Heap after GC invocations=1113 (full 5):
 PSYoungGen      total 9216K, used 352K [0x00000000d5580000, 0x00000000d6000000, 0x0000000100000000)
  eden space 8704K, 0% used [0x00000000d5580000,0x00000000d5580000,0x00000000d5e00000)
  from space 512K, 68% used [0x00000000d5f80000,0x00000000d5fd8000,0x00000000d6000000)
  to   space 512K, 0% used [0x00000000d5e80000,0x00000000d5e80000,0x00000000d5f00000)
 ParOldGen       total 631808K, used 73115K [0x0000000080000000, 0x00000000a6900000, 0x00000000d5580000)
  object space 631808K, 11% used [0x0000000080000000,0x0000000084766c48,0x00000000a6900000)
 Metaspace       used 86878K, committed 88832K, reserved 1179648K
  class space    used 8794K, committed 9600K, reserved 1048576K
}
Event: 3578.893 GC heap before
{Heap before GC invocations=1114 (full 5):
 PSYoungGen      total 9216K, used 9056K [0x00000000d5580000, 0x00000000d6000000, 0x0000000100000000)
  eden space 8704K, 100% used [0x00000000d5580000,0x00000000d5e00000,0x00000000d5e00000)
  from space 512K, 68% used [0x00000000d5f80000,0x00000000d5fd8000,0x00000000d6000000)
  to   space 512K, 0% used [0x00000000d5e80000,0x00000000d5e80000,0x00000000d5f00000)
 ParOldGen       total 631808K, used 73115K [0x0000000080000000, 0x00000000a6900000, 0x00000000d5580000)
  object space 631808K, 11% used [0x0000000080000000,0x0000000084766c48,0x00000000a6900000)
 Metaspace       used 86879K, committed 88832K, reserved 1179648K
  class space    used 8794K, committed 9600K, reserved 1048576K
}
Event: 3578.894 GC heap after
{Heap after GC invocations=1114 (full 5):
 PSYoungGen      total 9216K, used 370K [0x00000000d5580000, 0x00000000d6000000, 0x0000000100000000)
  eden space 8704K, 0% used [0x00000000d5580000,0x00000000d5580000,0x00000000d5e00000)
  from space 512K, 72% used [0x00000000d5e80000,0x00000000d5edcbd8,0x00000000d5f00000)
  to   space 512K, 0% used [0x00000000d5f80000,0x00000000d5f80000,0x00000000d6000000)
 ParOldGen       total 631808K, used 73187K [0x0000000080000000, 0x00000000a6900000, 0x00000000d5580000)
  object space 631808K, 11% used [0x0000000080000000,0x0000000084778c48,0x00000000a6900000)
 Metaspace       used 86879K, committed 88832K, reserved 1179648K
  class space    used 8794K, committed 9600K, reserved 1048576K
}
Event: 3578.914 GC heap before
{Heap before GC invocations=1115 (full 5):
 PSYoungGen      total 9216K, used 9074K [0x00000000d5580000, 0x00000000d6000000, 0x0000000100000000)
  eden space 8704K, 100% used [0x00000000d5580000,0x00000000d5e00000,0x00000000d5e00000)
  from space 512K, 72% used [0x00000000d5e80000,0x00000000d5edcbd8,0x00000000d5f00000)
  to   space 512K, 0% used [0x00000000d5f80000,0x00000000d5f80000,0x00000000d6000000)
 ParOldGen       total 631808K, used 73187K [0x0000000080000000, 0x00000000a6900000, 0x00000000d5580000)
  object space 631808K, 11% used [0x0000000080000000,0x0000000084778c48,0x00000000a6900000)
 Metaspace       used 86880K, committed 88832K, reserved 1179648K
  class space    used 8794K, committed 9600K, reserved 1048576K
}
Event: 3578.915 GC heap after
{Heap after GC invocations=1115 (full 5):
 PSYoungGen      total 9216K, used 370K [0x00000000d5580000, 0x00000000d6000000, 0x0000000100000000)
  eden space 8704K, 0% used [0x00000000d5580000,0x00000000d5580000,0x00000000d5e00000)
  from space 512K, 72% used [0x00000000d5f80000,0x00000000d5fdcbd8,0x00000000d6000000)
  to   space 512K, 0% used [0x00000000d5e80000,0x00000000d5e80000,0x00000000d5f00000)
 ParOldGen       total 631808K, used 73267K [0x0000000080000000, 0x00000000a6900000, 0x00000000d5580000)
  object space 631808K, 11% used [0x0000000080000000,0x000000008478cc48,0x00000000a6900000)
 Metaspace       used 86880K, committed 88832K, reserved 1179648K
  class space    used 8794K, committed 9600K, reserved 1048576K
}

Dll operation events (11 events):
Event: 0.027 Loaded shared library c:\Users\Fathy_Mostafa\.vscode\extensions\redhat.java-1.54.0-win32-x64\jre\21.0.10-win32-x86_64\bin\java.dll
Event: 0.139 Loaded shared library c:\Users\Fathy_Mostafa\.vscode\extensions\redhat.java-1.54.0-win32-x64\jre\21.0.10-win32-x86_64\bin\zip.dll
Event: 0.173 Loaded shared library C:\Users\Fathy_Mostafa\.vscode\extensions\redhat.java-1.54.0-win32-x64\jre\21.0.10-win32-x86_64\bin\instrument.dll
Event: 0.181 Loaded shared library C:\Users\Fathy_Mostafa\.vscode\extensions\redhat.java-1.54.0-win32-x64\jre\21.0.10-win32-x86_64\bin\net.dll
Event: 0.185 Loaded shared library C:\Users\Fathy_Mostafa\.vscode\extensions\redhat.java-1.54.0-win32-x64\jre\21.0.10-win32-x86_64\bin\nio.dll
Event: 0.194 Loaded shared library C:\Users\Fathy_Mostafa\.vscode\extensions\redhat.java-1.54.0-win32-x64\jre\21.0.10-win32-x86_64\bin\zip.dll
Event: 0.228 Loaded shared library C:\Users\Fathy_Mostafa\.vscode\extensions\redhat.java-1.54.0-win32-x64\jre\21.0.10-win32-x86_64\bin\jimage.dll
Event: 0.402 Loaded shared library c:\Users\Fathy_Mostafa\.vscode\extensions\redhat.java-1.54.0-win32-x64\jre\21.0.10-win32-x86_64\bin\verify.dll
Event: 2.290 Loaded shared library C:\Users\Fathy_Mostafa\AppData\Roaming\Code\User\globalStorage\redhat.java\1.54.0\config_win\org.eclipse.equinox.launcher\org.eclipse.equinox.launcher.win32.win32.x86_64_1.3.0.v20260203-2149\eclipse_11919.dll
Event: 5.760 Loaded shared library C:\Users\Fathy_Mostafa\AppData\Local\Temp\jna-632751332\jna11669915246917588564.dll
Event: 14.166 Loaded shared library C:\Users\Fathy_Mostafa\.vscode\extensions\redhat.java-1.54.0-win32-x64\jre\21.0.10-win32-x86_64\bin\extnet.dll

Deoptimization events (20 events):
Event: 3361.565 Thread 0x0000016c62d32ee0 Uncommon trap: trap_request=0xffffff6e fr.pc=0x0000016c0d3a43e0 relative=0x0000000000000220
Event: 3361.565 Thread 0x0000016c62d32ee0 Uncommon trap: reason=loop_limit_check action=maybe_recompile pc=0x0000016c0d3a43e0 method=org.eclipse.jdt.internal.formatter.TokenManager.getLength(IIII)I @ 88 c2
Event: 3361.565 Thread 0x0000016c62d32ee0 DEOPT PACKING pc=0x0000016c0d3a43e0 sp=0x00000016812fd450
Event: 3361.565 Thread 0x0000016c62d32ee0 DEOPT UNPACKING pc=0x0000016c0bad3aa2 sp=0x00000016812fd3d0 mode 2
Event: 3361.926 Thread 0x0000016c62d31b30 DEOPT PACKING pc=0x0000016c05fc09c4 sp=0x00000016813fd8b0
Event: 3361.926 Thread 0x0000016c62d31b30 DEOPT UNPACKING pc=0x0000016c0bad4242 sp=0x00000016813fcd30 mode 0
Event: 3361.958 Thread 0x0000016c5b6ac200 DEOPT PACKING pc=0x0000016c06e66265 sp=0x00000016806feae0
Event: 3361.958 Thread 0x0000016c5b6ac200 DEOPT UNPACKING pc=0x0000016c0bad4242 sp=0x00000016806fdf80 mode 0
Event: 3361.987 Thread 0x0000016c5b6ac200 Uncommon trap: trap_request=0xffffff6e fr.pc=0x0000016c0c192338 relative=0x00000000000007f8
Event: 3361.987 Thread 0x0000016c5b6ac200 Uncommon trap: reason=loop_limit_check action=maybe_recompile pc=0x0000016c0c192338 method=org.eclipse.jdt.internal.compiler.util.HashtableOfObjectToInt.rehash()V @ 50 c2
Event: 3361.987 Thread 0x0000016c5b6ac200 DEOPT PACKING pc=0x0000016c0c192338 sp=0x00000016806feae0
Event: 3361.987 Thread 0x0000016c5b6ac200 DEOPT UNPACKING pc=0x0000016c0bad3aa2 sp=0x00000016806fea90 mode 2
Event: 3578.905 Thread 0x0000016c62d2d990 Uncommon trap: trap_request=0xffffff6e fr.pc=0x0000016c0c5029ac relative=0x000000000000060c
Event: 3578.905 Thread 0x0000016c62d2d990 Uncommon trap: reason=loop_limit_check action=maybe_recompile pc=0x0000016c0c5029ac method=org.eclipse.jdt.internal.compiler.parser.Parser.consumeFieldDeclaration()V @ 52 c2
Event: 3578.905 Thread 0x0000016c62d2d990 DEOPT PACKING pc=0x0000016c0c5029ac sp=0x00000016810fd390
Event: 3578.905 Thread 0x0000016c62d2d990 DEOPT UNPACKING pc=0x0000016c0bad3aa2 sp=0x00000016810fd338 mode 2
Event: 3659.886 Thread 0x0000016c6266eed0 Uncommon trap: trap_request=0xffffff45 fr.pc=0x0000016c0cffa0f4 relative=0x0000000000000d74
Event: 3659.886 Thread 0x0000016c6266eed0 Uncommon trap: reason=unstable_if action=reinterpret pc=0x0000016c0cffa0f4 method=java.util.concurrent.locks.AbstractQueuedSynchronizer.tryInitializeHead()Ljava/util/concurrent/locks/AbstractQueuedSynchronizer$Node; @ 56 c2
Event: 3659.886 Thread 0x0000016c6266eed0 DEOPT PACKING pc=0x0000016c0cffa0f4 sp=0x000000168191f0e0
Event: 3659.886 Thread 0x0000016c6266eed0 DEOPT UNPACKING pc=0x0000016c0bad3aa2 sp=0x000000168191eff0 mode 2

Classes loaded (20 events):
Event: 310.787 Loading class java/util/stream/Nodes$AbstractConcNode done
Event: 310.787 Loading class java/util/stream/Nodes$ConcNode done
Event: 310.787 Loading class java/util/stream/Nodes$ToArrayTask$OfRef
Event: 310.787 Loading class java/util/stream/Nodes$ToArrayTask
Event: 310.787 Loading class java/util/stream/Nodes$ToArrayTask done
Event: 310.787 Loading class java/util/stream/Nodes$ToArrayTask$OfRef done
Event: 310.788 Loading class java/io/ObjectOutputStream$BlockDataOutputStream
Event: 310.789 Loading class java/io/ObjectOutputStream$BlockDataOutputStream done
Event: 310.789 Loading class java/io/ObjectOutputStream$HandleTable
Event: 310.789 Loading class java/io/ObjectOutputStream$HandleTable done
Event: 310.789 Loading class java/io/ObjectOutputStream$ReplaceTable
Event: 310.789 Loading class java/io/ObjectOutputStream$ReplaceTable done
Event: 388.036 Loading class java/lang/Throwable$WrappedPrintWriter
Event: 388.036 Loading class java/lang/Throwable$PrintStreamOrWriter
Event: 388.036 Loading class java/lang/Throwable$PrintStreamOrWriter done
Event: 388.036 Loading class java/lang/Throwable$WrappedPrintWriter done
Event: 3162.224 Loading class java/util/concurrent/ConcurrentHashMap$TreeNode
Event: 3162.232 Loading class java/util/concurrent/ConcurrentHashMap$TreeNode done
Event: 3162.232 Loading class java/util/concurrent/ConcurrentHashMap$TreeBin
Event: 3162.232 Loading class java/util/concurrent/ConcurrentHashMap$TreeBin done

Classes unloaded (20 events):
Event: 3359.947 Thread 0x0000016c7fa017d0 Unloading class 0x0000016c19014800 'java/lang/invoke/LambdaForm$MH+0x0000016c19014800'
Event: 3359.947 Thread 0x0000016c7fa017d0 Unloading class 0x0000016c1900d800 'java/lang/invoke/LambdaForm$MH+0x0000016c1900d800'
Event: 3359.947 Thread 0x0000016c7fa017d0 Unloading class 0x0000016c1900d400 'java/lang/invoke/LambdaForm$MH+0x0000016c1900d400'
Event: 3359.947 Thread 0x0000016c7fa017d0 Unloading class 0x0000016c1900d000 'java/lang/invoke/LambdaForm$MH+0x0000016c1900d000'
Event: 3359.947 Thread 0x0000016c7fa017d0 Unloading class 0x0000016c1900cc00 'java/lang/invoke/LambdaForm$MH+0x0000016c1900cc00'
Event: 3359.947 Thread 0x0000016c7fa017d0 Unloading class 0x0000016c1900c800 'java/lang/invoke/LambdaForm$BMH+0x0000016c1900c800'
Event: 3359.947 Thread 0x0000016c7fa017d0 Unloading class 0x0000016c1900c000 'java/lang/invoke/LambdaForm$DMH+0x0000016c1900c000'
Event: 3359.947 Thread 0x0000016c7fa017d0 Unloading class 0x0000016c19008c00 'java/lang/invoke/LambdaForm$MH+0x0000016c19008c00'
Event: 3359.947 Thread 0x0000016c7fa017d0 Unloading class 0x0000016c19008800 'java/lang/invoke/LambdaForm$MH+0x0000016c19008800'
Event: 3359.947 Thread 0x0000016c7fa017d0 Unloading class 0x0000016c19008400 'java/lang/invoke/LambdaForm$MH+0x0000016c19008400'
Event: 3359.947 Thread 0x0000016c7fa017d0 Unloading class 0x0000016c19007000 'java/lang/invoke/LambdaForm$MH+0x0000016c19007000'
Event: 3359.947 Thread 0x0000016c7fa017d0 Unloading class 0x0000016c19006800 'java/lang/invoke/LambdaForm$MH+0x0000016c19006800'
Event: 3359.947 Thread 0x0000016c7fa017d0 Unloading class 0x0000016c19006400 'java/lang/invoke/LambdaForm$MH+0x0000016c19006400'
Event: 3359.947 Thread 0x0000016c7fa017d0 Unloading class 0x0000016c19006000 'java/lang/invoke/LambdaForm$MH+0x0000016c19006000'
Event: 3359.947 Thread 0x0000016c7fa017d0 Unloading class 0x0000016c19005c00 'java/lang/invoke/LambdaForm$BMH+0x0000016c19005c00'
Event: 3359.947 Thread 0x0000016c7fa017d0 Unloading class 0x0000016c19004800 'java/lang/invoke/LambdaForm$DMH+0x0000016c19004800'
Event: 3359.947 Thread 0x0000016c7fa017d0 Unloading class 0x0000016c19002400 'java/lang/invoke/LambdaForm$MH+0x0000016c19002400'
Event: 3359.947 Thread 0x0000016c7fa017d0 Unloading class 0x0000016c19002000 'java/lang/invoke/LambdaForm$MH+0x0000016c19002000'
Event: 3359.947 Thread 0x0000016c7fa017d0 Unloading class 0x0000016c19001800 'java/lang/invoke/LambdaForm$MH+0x0000016c19001800'
Event: 3359.947 Thread 0x0000016c7fa017d0 Unloading class 0x0000016c19000400 'java/lang/invoke/LambdaForm$MH+0x0000016c19000400'

Classes redefined (0 events):
No events

Internal exceptions (20 events):
Event: 3360.185 Thread 0x0000016c62d32ee0 Exception <a 'sun/nio/fs/WindowsException'{0x00000000d5af0fd8}> (0x00000000d5af0fd8) 
thrown [s\src\hotspot\share\prims\jni.cpp, line 520]
Event: 3360.186 Thread 0x0000016c62d32ee0 Exception <a 'sun/nio/fs/WindowsException'{0x00000000d5af1e40}> (0x00000000d5af1e40) 
thrown [s\src\hotspot\share\prims\jni.cpp, line 520]
Event: 3360.186 Thread 0x0000016c62d32ee0 Exception <a 'sun/nio/fs/WindowsException'{0x00000000d5af2730}> (0x00000000d5af2730) 
thrown [s\src\hotspot\share\prims\jni.cpp, line 520]
Event: 3360.187 Thread 0x0000016c62d32ee0 Exception <a 'sun/nio/fs/WindowsException'{0x00000000d5b04ba8}> (0x00000000d5b04ba8) 
thrown [s\src\hotspot\share\prims\jni.cpp, line 520]
Event: 3360.187 Thread 0x0000016c62d32ee0 Exception <a 'sun/nio/fs/WindowsException'{0x00000000d5b05498}> (0x00000000d5b05498) 
thrown [s\src\hotspot\share\prims\jni.cpp, line 520]
Event: 3360.187 Thread 0x0000016c62d32ee0 Exception <a 'sun/nio/fs/WindowsException'{0x00000000d5b062a8}> (0x00000000d5b062a8) 
thrown [s\src\hotspot\share\prims\jni.cpp, line 520]
Event: 3360.187 Thread 0x0000016c62d32ee0 Exception <a 'sun/nio/fs/WindowsException'{0x00000000d5b068e8}> (0x00000000d5b068e8) 
thrown [s\src\hotspot\share\prims\jni.cpp, line 520]
Event: 3360.661 Thread 0x0000016c62d2cc70 Implicit null exception at 0x0000016c0c5a634c to 0x0000016c0c5a65c4
Event: 3364.543 Thread 0x0000016c62d31b30 Exception <a 'sun/nio/fs/WindowsException'{0x00000000d582d168}> (0x00000000d582d168) 
thrown [s\src\hotspot\share\prims\jni.cpp, line 520]
Event: 3364.544 Thread 0x0000016c62d31b30 Exception <a 'sun/nio/fs/WindowsException'{0x00000000d582d7a8}> (0x00000000d582d7a8) 
thrown [s\src\hotspot\share\prims\jni.cpp, line 520]
Event: 3364.544 Thread 0x0000016c62d31b30 Exception <a 'sun/nio/fs/WindowsException'{0x00000000d582e330}> (0x00000000d582e330) 
thrown [s\src\hotspot\share\prims\jni.cpp, line 520]
Event: 3364.544 Thread 0x0000016c62d31b30 Exception <a 'sun/nio/fs/WindowsException'{0x00000000d582ec20}> (0x00000000d582ec20) 
thrown [s\src\hotspot\share\prims\jni.cpp, line 520]
Event: 3364.545 Thread 0x0000016c62d31b30 Exception <a 'sun/nio/fs/WindowsException'{0x00000000d58410b8}> (0x00000000d58410b8) 
thrown [s\src\hotspot\share\prims\jni.cpp, line 520]
Event: 3364.545 Thread 0x0000016c62d31b30 Exception <a 'sun/nio/fs/WindowsException'{0x00000000d58416f8}> (0x00000000d58416f8) 
thrown [s\src\hotspot\share\prims\jni.cpp, line 520]
Event: 3364.545 Thread 0x0000016c62d31b30 Exception <a 'sun/nio/fs/WindowsException'{0x00000000d5842258}> (0x00000000d5842258) 
thrown [s\src\hotspot\share\prims\jni.cpp, line 520]
Event: 3364.545 Thread 0x0000016c62d31b30 Exception <a 'sun/nio/fs/WindowsException'{0x00000000d5842898}> (0x00000000d5842898) 
thrown [s\src\hotspot\share\prims\jni.cpp, line 520]
Event: 3364.611 Thread 0x0000016c616877d0 Exception <a 'sun/nio/fs/WindowsException'{0x00000000d58ef220}> (0x00000000d58ef220) 
thrown [s\src\hotspot\share\prims\jni.cpp, line 520]
Event: 3364.611 Thread 0x0000016c616877d0 Exception <a 'sun/nio/fs/WindowsException'{0x00000000d58ef8b8}> (0x00000000d58ef8b8) 
thrown [s\src\hotspot\share\prims\jni.cpp, line 520]
Event: 3463.650 Thread 0x0000016c62d2cc70 Exception <a 'sun/nio/fs/WindowsException'{0x00000000d5912dd8}> (0x00000000d5912dd8) 
thrown [s\src\hotspot\share\prims\jni.cpp, line 520]
Event: 3463.650 Thread 0x0000016c62d2cc70 Exception <a 'sun/nio/fs/WindowsException'{0x00000000d59136c8}> (0x00000000d59136c8) 
thrown [s\src\hotspot\share\prims\jni.cpp, line 520]

ZGC Phase Switch (0 events):
No events

VM Operations (20 events):
Event: 4209.020 Executing non-safepoint VM operation: HandshakeAllThreads (HandshakeForDeflation)
Event: 4209.020 Executing non-safepoint VM operation: HandshakeAllThreads (HandshakeForDeflation) done
Event: 4209.020 Executing non-safepoint VM operation: RendezvousGCThreads
Event: 4209.020 Executing non-safepoint VM operation: RendezvousGCThreads done
Event: 4269.163 Executing non-safepoint VM operation: HandshakeAllThreads (HandshakeForDeflation)
Event: 4269.163 Executing non-safepoint VM operation: HandshakeAllThreads (HandshakeForDeflation) done
Event: 4269.163 Executing non-safepoint VM operation: RendezvousGCThreads
Event: 4269.163 Executing non-safepoint VM operation: RendezvousGCThreads done
Event: 4329.300 Executing non-safepoint VM operation: HandshakeAllThreads (HandshakeForDeflation)
Event: 4329.300 Executing non-safepoint VM operation: HandshakeAllThreads (HandshakeForDeflation) done
Event: 4329.300 Executing non-safepoint VM operation: RendezvousGCThreads
Event: 4329.300 Executing non-safepoint VM operation: RendezvousGCThreads done
Event: 4389.437 Executing non-safepoint VM operation: HandshakeAllThreads (HandshakeForDeflation)
Event: 4389.437 Executing non-safepoint VM operation: HandshakeAllThreads (HandshakeForDeflation) done
Event: 4389.437 Executing non-safepoint VM operation: RendezvousGCThreads
Event: 4389.437 Executing non-safepoint VM operation: RendezvousGCThreads done
Event: 4449.564 Executing non-safepoint VM operation: HandshakeAllThreads (HandshakeForDeflation)
Event: 4449.564 Executing non-safepoint VM operation: HandshakeAllThreads (HandshakeForDeflation) done
Event: 4449.564 Executing non-safepoint VM operation: RendezvousGCThreads
Event: 4449.564 Executing non-safepoint VM operation: RendezvousGCThreads done

Memory protections (0 events):
No events

Nmethod flushes (20 events):
Event: 3360.020 Thread 0x0000016c7fa017d0 flushing  nmethod 0x0000016c06654810
Event: 3360.020 Thread 0x0000016c7fa017d0 flushing  nmethod 0x0000016c06655110
Event: 3360.020 Thread 0x0000016c7fa017d0 flushing  nmethod 0x0000016c06661010
Event: 3360.020 Thread 0x0000016c7fa017d0 flushing  nmethod 0x0000016c06662590
Event: 3360.020 Thread 0x0000016c7fa017d0 flushing osr nmethod 0x0000016c06669f10
Event: 3360.020 Thread 0x0000016c7fa017d0 flushing osr nmethod 0x0000016c06680c90
Event: 3360.020 Thread 0x0000016c7fa017d0 flushing osr nmethod 0x0000016c066ae890
Event: 3360.020 Thread 0x0000016c7fa017d0 flushing  nmethod 0x0000016c066d2b10
Event: 3360.020 Thread 0x0000016c7fa017d0 flushing  nmethod 0x0000016c066d3110
Event: 3360.020 Thread 0x0000016c7fa017d0 flushing  nmethod 0x0000016c066d5210
Event: 3360.020 Thread 0x0000016c7fa017d0 flushing  nmethod 0x0000016c066d6b10
Event: 3360.020 Thread 0x0000016c7fa017d0 flushing  nmethod 0x0000016c066f1e10
Event: 3360.020 Thread 0x0000016c7fa017d0 flushing  nmethod 0x0000016c066f4990
Event: 3360.020 Thread 0x0000016c7fa017d0 flushing  nmethod 0x0000016c066fbb90
Event: 3360.021 Thread 0x0000016c7fa017d0 flushing  nmethod 0x0000016c066fc510
Event: 3360.021 Thread 0x0000016c7fa017d0 flushing  nmethod 0x0000016c06717410
Event: 3360.021 Thread 0x0000016c7fa017d0 flushing  nmethod 0x0000016c06770210
Event: 3360.021 Thread 0x0000016c7fa017d0 flushing  nmethod 0x0000016c06770a10
Event: 3360.021 Thread 0x0000016c7fa017d0 flushing osr nmethod 0x0000016c06771a90
Event: 3360.021 Thread 0x0000016c7fa017d0 flushing  nmethod 0x0000016c067adb10

Events (20 events):
Event: 3659.886 Thread 0x0000016c5b6afd10 Thread exited: 0x0000016c5b6afd10
Event: 3659.886 Thread 0x0000016c62d2d300 Thread exited: 0x0000016c62d2d300
Event: 3659.886 Thread 0x0000016c6266db20 Thread exited: 0x0000016c6266db20
Event: 3659.886 Thread 0x0000016c62d314a0 Thread exited: 0x0000016c62d314a0
Event: 3659.886 Thread 0x0000016c6266b3c0 Thread exited: 0x0000016c6266b3c0
Event: 3659.886 Thread 0x0000016c62d30e10 Thread exited: 0x0000016c62d30e10
Event: 3659.886 Thread 0x0000016c6266eed0 Thread exited: 0x0000016c6266eed0
Event: 3660.147 Thread 0x0000016c61683cc0 Thread exited: 0x0000016c61683cc0
Event: 3660.153 Thread 0x0000016c61685070 Thread exited: 0x0000016c61685070
Event: 3660.159 Thread 0x0000016c61684350 Thread exited: 0x0000016c61684350
Event: 3660.162 Thread 0x0000016c5a74bc30 Thread exited: 0x0000016c5a74bc30
Event: 3660.162 Thread 0x0000016c61683630 Thread exited: 0x0000016c61683630
Event: 3660.162 Thread 0x0000016c6e7ef340 Thread exited: 0x0000016c6e7ef340
Event: 3660.162 Thread 0x0000016c616849e0 Thread exited: 0x0000016c616849e0
Event: 3660.162 Thread 0x0000016c61682fa0 Thread exited: 0x0000016c61682fa0
Event: 3660.162 Thread 0x0000016c6e7f2130 Thread exited: 0x0000016c6e7f2130
Event: 3660.165 Thread 0x0000016c61685d90 Thread exited: 0x0000016c61685d90
Event: 3690.970 Thread 0x0000016c62d2d990 Thread exited: 0x0000016c62d2d990
Event: 3750.970 Thread 0x0000016c6266c770 Thread exited: 0x0000016c6266c770
Event: 3810.972 Thread 0x0000016c6266ce00 Thread exited: 0x0000016c6266ce00


Dynamic libraries:
0x00007ff7e7d70000 - 0x00007ff7e7d7e000 	c:\Users\Fathy_Mostafa\.vscode\extensions\redhat.java-1.54.0-win32-x64\jre\21.0.10-win32-x86_64\bin\java.exe
0x00007ffe885e0000 - 0x00007ffe88847000 	C:\WINDOWS\SYSTEM32\ntdll.dll
0x00007ffe87ee0000 - 0x00007ffe87fa9000 	C:\WINDOWS\System32\KERNEL32.DLL
0x00007ffe85bb0000 - 0x00007ffe85fa7000 	C:\WINDOWS\System32\KERNELBASE.dll
0x00007ffe859b0000 - 0x00007ffe85afb000 	C:\WINDOWS\System32\ucrtbase.dll
0x00007ffe7d6a0000 - 0x00007ffe7d6b8000 	c:\Users\Fathy_Mostafa\.vscode\extensions\redhat.java-1.54.0-win32-x64\jre\21.0.10-win32-x86_64\bin\jli.dll
0x00007ffe76e60000 - 0x00007ffe76e7e000 	c:\Users\Fathy_Mostafa\.vscode\extensions\redhat.java-1.54.0-win32-x64\jre\21.0.10-win32-x86_64\bin\VCRUNTIME140.dll
0x00007ffe86580000 - 0x00007ffe86746000 	C:\WINDOWS\System32\USER32.dll
0x00007ffe6b290000 - 0x00007ffe6b522000 	C:\WINDOWS\WinSxS\amd64_microsoft.windows.common-controls_6595b64144ccf1df_6.0.26100.8457_none_3e0b2faee331e92d\COMCTL32.dll
0x00007ffe86330000 - 0x00007ffe86357000 	C:\WINDOWS\System32\win32u.dll
0x00007ffe87e30000 - 0x00007ffe87ed9000 	C:\WINDOWS\System32\msvcrt.dll
0x00007ffe88150000 - 0x00007ffe8817b000 	C:\WINDOWS\System32\GDI32.dll
0x00007ffe85010000 - 0x00007ffe8513c000 	C:\WINDOWS\System32\gdi32full.dll
0x00007ffe85b00000 - 0x00007ffe85ba3000 	C:\WINDOWS\System32\msvcp_win.dll
0x00007ffe87680000 - 0x00007ffe876b2000 	C:\WINDOWS\System32\IMM32.DLL
0x00007ffe82230000 - 0x00007ffe8223c000 	c:\Users\Fathy_Mostafa\.vscode\extensions\redhat.java-1.54.0-win32-x64\jre\21.0.10-win32-x86_64\bin\vcruntime140_1.dll
0x00007ffe4e910000 - 0x00007ffe4e99d000 	c:\Users\Fathy_Mostafa\.vscode\extensions\redhat.java-1.54.0-win32-x64\jre\21.0.10-win32-x86_64\bin\msvcp140.dll
0x00007ffdcfbb0000 - 0x00007ffdd0951000 	c:\Users\Fathy_Mostafa\.vscode\extensions\redhat.java-1.54.0-win32-x64\jre\21.0.10-win32-x86_64\bin\server\jvm.dll
0x00007ffe87740000 - 0x00007ffe877f6000 	C:\WINDOWS\System32\ADVAPI32.dll
0x00007ffe881b0000 - 0x00007ffe88257000 	C:\WINDOWS\System32\sechost.dll
0x00007ffe88260000 - 0x00007ffe88378000 	C:\WINDOWS\System32\RPCRT4.dll
0x00007ffe864f0000 - 0x00007ffe86570000 	C:\WINDOWS\System32\WS2_32.dll
0x00007ffe84750000 - 0x00007ffe847ae000 	C:\WINDOWS\SYSTEM32\POWRPROF.dll
0x00007ffe73b00000 - 0x00007ffe73b36000 	C:\WINDOWS\SYSTEM32\WINMM.dll
0x00007ffe7e680000 - 0x00007ffe7e68b000 	C:\WINDOWS\SYSTEM32\VERSION.dll
0x00007ffe84730000 - 0x00007ffe84744000 	C:\WINDOWS\SYSTEM32\UMPDC.dll
0x00007ffe83d60000 - 0x00007ffe83d7b000 	C:\WINDOWS\SYSTEM32\kernel.appcore.dll
0x00007ffe7fc60000 - 0x00007ffe7fc6a000 	c:\Users\Fathy_Mostafa\.vscode\extensions\redhat.java-1.54.0-win32-x64\jre\21.0.10-win32-x86_64\bin\jimage.dll
0x00007ffe82ee0000 - 0x00007ffe83122000 	C:\WINDOWS\SYSTEM32\DBGHELP.DLL
0x00007ffe86f90000 - 0x00007ffe87313000 	C:\WINDOWS\System32\combase.dll
0x00007ffe87590000 - 0x00007ffe87669000 	C:\WINDOWS\System32\OLEAUT32.dll
0x00007ffe6b040000 - 0x00007ffe6b07b000 	C:\WINDOWS\SYSTEM32\dbgcore.DLL
0x00007ffe861c0000 - 0x00007ffe86268000 	C:\WINDOWS\System32\bcryptPrimitives.dll
0x00007ffe7e1c0000 - 0x00007ffe7e1cf000 	c:\Users\Fathy_Mostafa\.vscode\extensions\redhat.java-1.54.0-win32-x64\jre\21.0.10-win32-x86_64\bin\instrument.dll
0x00007ffe6fd00000 - 0x00007ffe6fd20000 	c:\Users\Fathy_Mostafa\.vscode\extensions\redhat.java-1.54.0-win32-x64\jre\21.0.10-win32-x86_64\bin\java.dll
0x00007ffe86750000 - 0x00007ffe86ebe000 	C:\WINDOWS\System32\SHELL32.dll
0x00007ffe85140000 - 0x00007ffe859ac000 	C:\WINDOWS\System32\windows.storage.dll
0x00007ffe863f0000 - 0x00007ffe864e6000 	C:\WINDOWS\System32\SHCORE.dll
0x00007ffe876c0000 - 0x00007ffe87726000 	C:\WINDOWS\System32\shlwapi.dll
0x00007ffe84f30000 - 0x00007ffe84f59000 	C:\WINDOWS\SYSTEM32\profapi.dll
0x00007ffe69110000 - 0x00007ffe69128000 	c:\Users\Fathy_Mostafa\.vscode\extensions\redhat.java-1.54.0-win32-x64\jre\21.0.10-win32-x86_64\bin\zip.dll
0x00007ffe7de80000 - 0x00007ffe7de90000 	C:\Users\Fathy_Mostafa\.vscode\extensions\redhat.java-1.54.0-win32-x64\jre\21.0.10-win32-x86_64\bin\net.dll
0x00007ffe7e490000 - 0x00007ffe7e5b9000 	C:\WINDOWS\SYSTEM32\WINHTTP.dll
0x00007ffe842b0000 - 0x00007ffe8431c000 	C:\WINDOWS\system32\mswsock.dll
0x00007ffe65f50000 - 0x00007ffe65f66000 	C:\Users\Fathy_Mostafa\.vscode\extensions\redhat.java-1.54.0-win32-x64\jre\21.0.10-win32-x86_64\bin\nio.dll
0x00007ffe7de20000 - 0x00007ffe7de30000 	c:\Users\Fathy_Mostafa\.vscode\extensions\redhat.java-1.54.0-win32-x64\jre\21.0.10-win32-x86_64\bin\verify.dll
0x00007ffe44e60000 - 0x00007ffe44ea5000 	C:\Users\Fathy_Mostafa\AppData\Roaming\Code\User\globalStorage\redhat.java\1.54.0\config_win\org.eclipse.equinox.launcher\org.eclipse.equinox.launcher.win32.win32.x86_64_1.3.0.v20260203-2149\eclipse_11919.dll
0x00007ffe87800000 - 0x00007ffe87997000 	C:\WINDOWS\System32\ole32.dll
0x00007ffe847d0000 - 0x00007ffe847eb000 	C:\WINDOWS\SYSTEM32\CRYPTSP.dll
0x00007ffe83cc0000 - 0x00007ffe83cf9000 	C:\WINDOWS\system32\rsaenh.dll
0x00007ffe84360000 - 0x00007ffe84393000 	C:\WINDOWS\SYSTEM32\USERENV.dll
0x00007ffe84f00000 - 0x00007ffe84f2a000 	C:\WINDOWS\SYSTEM32\bcrypt.dll
0x00007ffe84510000 - 0x00007ffe8451c000 	C:\WINDOWS\SYSTEM32\CRYPTBASE.dll
0x00007ffe83750000 - 0x00007ffe83782000 	C:\WINDOWS\SYSTEM32\IPHLPAPI.DLL
0x00007ffe86f30000 - 0x00007ffe86f3a000 	C:\WINDOWS\System32\NSI.dll
0x00007ffe1c4d0000 - 0x00007ffe1c519000 	C:\Users\Fathy_Mostafa\AppData\Local\Temp\jna-632751332\jna11669915246917588564.dll
0x00007ffe87730000 - 0x00007ffe87738000 	C:\WINDOWS\System32\PSAPI.DLL
0x00007ffe7e310000 - 0x00007ffe7e32d000 	C:\WINDOWS\SYSTEM32\dhcpcsvc6.DLL
0x00007ffe7e2a0000 - 0x00007ffe7e2c5000 	C:\WINDOWS\SYSTEM32\dhcpcsvc.DLL
0x00007ffe83e80000 - 0x00007ffe83eb6000 	C:\WINDOWS\SYSTEM32\ntmarta.dll
0x00007ffe5a490000 - 0x00007ffe5a499000 	C:\Users\Fathy_Mostafa\.vscode\extensions\redhat.java-1.54.0-win32-x64\jre\21.0.10-win32-x86_64\bin\extnet.dll

JVMTI agents:
c:\Users\Fathy_Mostafa\.vscode\extensions\redhat.java-1.54.0-win32-x64\lombok\lombok-1.18.39-4050.jar path:c:\Users\Fathy_Mostafa\.vscode\extensions\redhat.java-1.54.0-win32-x64\jre\21.0.10-win32-x86_64\bin\instrument.dll, loaded, initialized, instrumentlib options:none

dbghelp: loaded successfully - version: 4.0.5 - missing functions: none
symbol engine: initialized successfully - sym options: 0x614 - pdb path: .;c:\Users\Fathy_Mostafa\.vscode\extensions\redhat.java-1.54.0-win32-x64\jre\21.0.10-win32-x86_64\bin;C:\WINDOWS\SYSTEM32;C:\WINDOWS\WinSxS\amd64_microsoft.windows.common-controls_6595b64144ccf1df_6.0.26100.8457_none_3e0b2faee331e92d;c:\Users\Fathy_Mostafa\.vscode\extensions\redhat.java-1.54.0-win32-x64\jre\21.0.10-win32-x86_64\bin\server;C:\Users\Fathy_Mostafa\AppData\Roaming\Code\User\globalStorage\redhat.java\1.54.0\config_win\org.eclipse.equinox.launcher\org.eclipse.equinox.launcher.win32.win32.x86_64_1.3.0.v20260203-2149;C:\Users\Fathy_Mostafa\AppData\Local\Temp\jna-632751332

VM Arguments:
jvm_args: --add-modules=ALL-SYSTEM --add-opens=java.base/java.util=ALL-UNNAMED --add-opens=java.base/java.lang=ALL-UNNAMED --add-opens=java.base/sun.nio.fs=ALL-UNNAMED -Declipse.application=org.eclipse.jdt.ls.core.id1 -Dosgi.bundles.defaultStartLevel=4 -Declipse.product=org.eclipse.jdt.ls.core.product -Djava.import.generatesMetadataFilesAtProjectRoot=false -DDetectVMInstallationsJob.disabled=true -Dfile.encoding=utf8 -XX:+UseParallelGC -XX:GCTimeRatio=4 -XX:AdaptiveSizePolicyWeight=90 -Dsun.zip.disableMemoryMapping=true -Xmx2G -Xms100m -Xlog:disable -javaagent:c:\Users\Fathy_Mostafa\.vscode\extensions\redhat.java-1.54.0-win32-x64\lombok\lombok-1.18.39-4050.jar -XX:+HeapDumpOnOutOfMemoryError -XX:HeapDumpPath=c:\Users\Fathy_Mostafa\AppData\Roaming\Code\User\workspaceStorage\a9a5a4bedeff3800db7a20d1ccab050b\redhat.java -Daether.dependencyCollector.impl=bf 
java_command: c:\Users\Fathy_Mostafa\.vscode\extensions\redhat.java-1.54.0-win32-x64\server\plugins\org.eclipse.equinox.launcher_1.7.100.v20251111-0406.jar -configuration c:\Users\Fathy_Mostafa\AppData\Roaming\Code\User\globalStorage\redhat.java\1.54.0\config_win -data c:\Users\Fathy_Mostafa\AppData\Roaming\Code\User\workspaceStorage\a9a5a4bedeff3800db7a20d1ccab050b\redhat.java\jdt_ws --pipe=\\.\pipe\lsp-aaded065d0a84966962597f90fd34612-sock
java_class_path (initial): c:\Users\Fathy_Mostafa\.vscode\extensions\redhat.java-1.54.0-win32-x64\server\plugins\org.eclipse.equinox.launcher_1.7.100.v20251111-0406.jar
Launcher Type: SUN_STANDARD

[Global flags]
    uintx AdaptiveSizePolicyWeight                 = 90                                        {product} {command line}
     intx CICompilerCount                          = 4                                         {product} {ergonomic}
    uintx GCTimeRatio                              = 4                                         {product} {command line}
     bool HeapDumpOnOutOfMemoryError               = true                                   {manageable} {command line}
    ccstr HeapDumpPath                             = c:\Users\Fathy_Mostafa\AppData\Roaming\Code\User\workspaceStorage\a9a5a4bedeff3800db7a20d1ccab050b\redhat.java         {manageable} {command line}
   size_t InitialHeapSize                          = 104857600                                 {product} {command line}
   size_t MaxHeapSize                              = 2147483648                                {product} {command line}
   size_t MaxNewSize                               = 715653120                                 {product} {ergonomic}
   size_t MinHeapDeltaBytes                        = 524288                                    {product} {ergonomic}
   size_t MinHeapSize                              = 104857600                                 {product} {command line}
   size_t NewSize                                  = 34603008                                  {product} {ergonomic}
    uintx NonNMethodCodeHeapSize                   = 5839372                                {pd product} {ergonomic}
    uintx NonProfiledCodeHeapSize                  = 122909434                              {pd product} {ergonomic}
   size_t OldSize                                  = 70254592                                  {product} {ergonomic}
    uintx ProfiledCodeHeapSize                     = 122909434                              {pd product} {ergonomic}
    uintx ReservedCodeCacheSize                    = 251658240                              {pd product} {ergonomic}
     bool SegmentedCodeCache                       = true                                      {product} {ergonomic}
   size_t SoftMaxHeapSize                          = 2147483648                             {manageable} {ergonomic}
     bool UseCompressedOops                        = true                           {product lp64_product} {ergonomic}
     bool UseLargePagesIndividualAllocation        = false                                  {pd product} {ergonomic}
     bool UseParallelGC                            = true                                      {product} {command line}

Logging:
Log output configuration:
 #0: stdout all=off uptime,level,tags foldmultilines=false
 #1: stderr all=off uptime,level,tags foldmultilines=false

Release file:
JAVA_VERSION="21.0.10" 
MODULES="java.base java.compiler java.datatransfer java.xml java.prefs java.desktop java.instrument java.logging java.management java.security.sasl java.naming java.rmi java.management.rmi java.net.http java.scripting java.security.jgss java.transaction.xa java.sql java.sql.rowset java.xml.crypto java.se java.smartcardio jdk.accessibility jdk.internal.jvmstat jdk.attach jdk.charsets jdk.internal.opt jdk.zipfs jdk.compiler jdk.crypto.ec jdk.crypto.cryptoki jdk.crypto.mscapi jdk.dynalink jdk.internal.ed jdk.editpad jdk.hotspot.agent jdk.httpserver jdk.internal.le jdk.internal.vm.ci jdk.internal.vm.compiler jdk.internal.vm.compiler.management jdk.jartool jdk.javadoc jdk.jcmd jdk.management jdk.management.agent jdk.jconsole jdk.jdeps jdk.jdwp.agent jdk.jdi jdk.jfr jdk.jshell jdk.jsobject jdk.jstatd jdk.localedata jdk.management.jfr jdk.naming.dns jdk.naming.rmi jdk.net jdk.nio.mapmode jdk.random jdk.sctp jdk.security.auth jdk.security.jgss jdk.unsupported jdk.unsupported.desktop jdk.xml.dom" 

Environment Variables:
PATH=C:\Users\Fathy_Mostafa\AppData\Local\Programs\Microsoft VS Code;C:\Program Files\Common Files\Oracle\Java\javapath;C:\WINDOWS\system32;C:\WINDOWS;C:\WINDOWS\System32\Wbem;C:\WINDOWS\System32\WindowsPowerShell\v1.0\;C:\WINDOWS\System32\OpenSSH\;C:\Program Files (x86)\NVIDIA Corporation\PhysX\Common;C:\Users\Fathy_Mostafa\AppData\Local\Programs\Python\Python313\Scripts;C:\Program Files\CMake\bin;C:\msys64\mingw64\bin;C:\Program Files\Git\cmd;C:\Program Files (x86)\Microsoft SQL Server\170\Tools\Binn\;C:\Program Files\Microsoft SQL Server\170\Tools\Binn\;C:\Program Files\Microsoft SQL Server\Client SDK\ODBC\180\Tools\Binn\;C:\Program Files\Microsoft SQL Server\170\DTS\Binn\;C:\Program Files\nodejs\;C:\Users\Fathy_Mostafa\AppData\Local\Microsoft\WindowsApps;C:\Users\Fathy_Mostafa\AppData\Local\Programs\Microsoft VS Code\bin;C:\Users\Fathy_Mostafa\AppData\Local\Programs\Python\Python313\Scripts;C:\Program Files (x86)\Nmap;C:\Program Files\java\jdk-11.0.0.2\bin;C:\Users\Fathy_Mostafa\AppData\Roaming\npm
USERNAME=Fathy_Mostafa
OS=Windows_NT
PROCESSOR_IDENTIFIER=Intel64 Family 6 Model 158 Stepping 10, GenuineIntel
TMP=C:\Users\FATHY_~1\AppData\Local\Temp
TEMP=C:\Users\FATHY_~1\AppData\Local\Temp




Periodic native trim disabled

---------------  S Y S T E M  ---------------

OS:
 Windows 11 , 64 bit Build 26100 (10.0.26100.8328)
OS uptime: 0 days 9:32 hours
Hyper-V role detected

CPU: total 12 (initial active 12) (6 cores per cpu, 2 threads per core) family 6 model 158 stepping 10 microcode 0xfa, cx8, cmov, fxsr, ht, mmx, 3dnowpref, sse, sse2, sse3, ssse3, sse4.1, sse4.2, popcnt, lzcnt, tsc, tscinvbit, avx, avx2, aes, erms, clmul, bmi1, bmi2, adx, fma, vzeroupper, clflush, clflushopt, hv, rdtscp, f16c
Processor Information for the first 12 processors :
  Max Mhz: 2592, Current Mhz: 2592, Mhz Limit: 2592

Memory: 4k page, system-wide physical 16135M (6499M free)
TotalPageFile size 38539M (AvailPageFile size 61M)
current process WorkingSet (physical memory assigned to process): 575M, peak: 737M
current process commit charge ("private bytes"): 1018M, peak: 1030M

vm_info: OpenJDK 64-Bit Server VM (21.0.10+7-LTS) for windows-amd64 JRE (21.0.10+7-LTS), built on 2026-01-20T00:00:00Z by "admin" with MS VC++ 17.12 (VS2022)

END.
